ERROR - 2023-09-02 22:48:05 --> Error connecting to the database: mysqli_sql_exception: Access denied for user 'edgar'@'%' to database 'phpapi2' in /media/usrx/DEV/PASW2023/phpapi2/system/Database/MySQLi/Connection.php:185
Stack trace:
#0 /media/usrx/DEV/PASW2023/phpapi2/system/Database/MySQLi/Connection.php(185): mysqli->real_connect()
#1 /media/usrx/DEV/PASW2023/phpapi2/system/Database/BaseConnection.php(391): CodeIgniter\Database\MySQLi\Connection->connect()
#2 /media/usrx/DEV/PASW2023/phpapi2/system/Database/BaseConnection.php(574): CodeIgniter\Database\BaseConnection->initialize()
#3 /media/usrx/DEV/PASW2023/phpapi2/system/Database/BaseConnection.php(1409): CodeIgniter\Database\BaseConnection->query()
#4 /media/usrx/DEV/PASW2023/phpapi2/system/Database/BaseConnection.php(1428): CodeIgniter\Database\BaseConnection->listTables()
#5 /media/usrx/DEV/PASW2023/phpapi2/system/Database/MigrationRunner.php(768): CodeIgniter\Database\BaseConnection->tableExists()
#6 /media/usrx/DEV/PASW2023/phpapi2/system/Database/MigrationRunner.php(168): CodeIgniter\Database\MigrationRunner->ensureTable()
#7 /media/usrx/DEV/PASW2023/phpapi2/system/Commands/Database/Migrate.php(84): CodeIgniter\Database\MigrationRunner->latest()
#8 /media/usrx/DEV/PASW2023/phpapi2/system/CLI/Commands.php(65): CodeIgniter\Commands\Database\Migrate->run()
#9 /media/usrx/DEV/PASW2023/phpapi2/system/CLI/Console.php(37): CodeIgniter\CLI\Commands->run()
#10 /media/usrx/DEV/PASW2023/phpapi2/spark(102): CodeIgniter\CLI\Console->run()
#11 {main}

Next CodeIgniter\Database\Exceptions\DatabaseException: Access denied for user '****'@'%' to database 'phpapi2' in /media/usrx/DEV/PASW2023/phpapi2/system/Database/MySQLi/Connection.php:229
Stack trace:
#0 /media/usrx/DEV/PASW2023/phpapi2/system/Database/BaseConnection.php(391): CodeIgniter\Database\MySQLi\Connection->connect()
#1 /media/usrx/DEV/PASW2023/phpapi2/system/Database/BaseConnection.php(574): CodeIgniter\Database\BaseConnection->initialize()
#2 /media/usrx/DEV/PASW2023/phpapi2/system/Database/BaseConnection.php(1409): CodeIgniter\Database\BaseConnection->query()
#3 /media/usrx/DEV/PASW2023/phpapi2/system/Database/BaseConnection.php(1428): CodeIgniter\Database\BaseConnection->listTables()
#4 /media/usrx/DEV/PASW2023/phpapi2/system/Database/MigrationRunner.php(768): CodeIgniter\Database\BaseConnection->tableExists()
#5 /media/usrx/DEV/PASW2023/phpapi2/system/Database/MigrationRunner.php(168): CodeIgniter\Database\MigrationRunner->ensureTable()
#6 /media/usrx/DEV/PASW2023/phpapi2/system/Commands/Database/Migrate.php(84): CodeIgniter\Database\MigrationRunner->latest()
#7 /media/usrx/DEV/PASW2023/phpapi2/system/CLI/Commands.php(65): CodeIgniter\Commands\Database\Migrate->run()
#8 /media/usrx/DEV/PASW2023/phpapi2/system/CLI/Console.php(37): CodeIgniter\CLI\Commands->run()
#9 /media/usrx/DEV/PASW2023/phpapi2/spark(102): CodeIgniter\CLI\Console->run()
#10 {main}
CRITICAL - 2023-09-02 22:52:07 --> Class "App\Controllers\PerfilModel" not found
in APPPATH/Controllers/PerfilController.php on line 16.
 1 SYSTEMPATH/CodeIgniter.php(915): App\Controllers\PerfilController->index()
 2 SYSTEMPATH/CodeIgniter.php(492): CodeIgniter\CodeIgniter->runController()
 3 SYSTEMPATH/CodeIgniter.php(353): CodeIgniter\CodeIgniter->handleRequest()
 4 FCPATH/index.php(79): CodeIgniter\CodeIgniter->run()
 5 SYSTEMPATH/Commands/Server/rewrite.php(47): require_once('/media/usrx/DEV/PASW2023/phpapi2/public/index.php')
